<?xml version="1.0" encoding="UTF-8"?>
<!-- Generated by org.testng.reporters.JUnitReportReporter -->
<testsuite hostname="MouliTheMagnificent" failures="0" tests="1" name="com.actitime.TimeTrack.ValidLoginTest" time="7.240" errors="0" timestamp="2021-10-19T14:18:19 IST" skipped="0">
  <testcase classname="com.actitime.TimeTrack.ValidLoginTest" name="LoginToApp" time="7.240"/>
  <system-out>
    <![CDATA[Enter Time Track Page is displayed, PASS]]>
  </system-out>
</testsuite> <!-- com.actitime.TimeTrack.ValidLoginTest -->
